2020-07-25 16:54:28:282 [Appium] Welcome to Appium v1.18.0
2020-07-25 16:54:28:284 [Appium] Non-default server args:
2020-07-25 16:54:28:285 [Appium]   port: 48811
2020-07-25 16:54:28:286 [Appium]   sessionOverride: true
2020-07-25 16:54:28:287 [Appium]   logFile: E:\ProgramsJava\AppiumBDDWebApp\Android_OnePlus\Server.log
2020-07-25 16:54:28:314 [Appium] Appium REST http interface listener started on 0.0.0.0:48811
2020-07-25 16:54:28:523 [HTTP] --> GET /wd/hub/status
2020-07-25 16:54:28:524 [HTTP] {}
2020-07-25 16:54:28:526 [GENERIC] Calling AppiumDriver.getStatus() with args: []
2020-07-25 16:54:28:527 [GENERIC] Responding to client with driver.getStatus() result: {"build":{"version":"1.18.0"}}
2020-07-25 16:54:28:531 [HTTP] <-- GET /wd/hub/status 200 6 ms - 68
2020-07-25 16:54:28:532 [HTTP] 
2020-07-25 16:54:28:537 [HTTP] --> GET /wd/hub/status
2020-07-25 16:54:28:538 [HTTP] {}
2020-07-25 16:54:28:538 [GENERIC] Calling AppiumDriver.getStatus() with args: []
2020-07-25 16:54:28:539 [GENERIC] Responding to client with driver.getStatus() result: {"build":{"version":"1.18.0"}}
2020-07-25 16:54:28:540 [HTTP] <-- GET /wd/hub/status 200 2 ms - 68
2020-07-25 16:54:28:540 [HTTP] 
2020-07-25 16:54:29:447 [HTTP] --> POST /wd/hub/session
2020-07-25 16:54:29:448 [HTTP] {"desiredCapabilities":{"app":"E:\\ProgramsJava\\AppiumBDDWebApp\\src\\test\\resources\\apps\\Android.SauceLabs.Mobile.Sample.app.2.2.1.apk","appActivity":"com.swaglabsmobileapp.SplashActivity","appPackage":"com.swaglabsmobileapp","automationName":"UiAutomator2","chromeDriverPort":"11000","platformName":"Android","udid":"<enter_device_udid_here>>","deviceName":"OnePlus","systemPort":"10000"},"capabilities":{"firstMatch":[{"appium:app":"E:\\ProgramsJava\\AppiumBDDWebApp\\src\\test\\resources\\apps\\Android.SauceLabs.Mobile.Sample.app.2.2.1.apk","appium:appActivity":"com.swaglabsmobileapp.SplashActivity","appium:appPackage":"com.swaglabsmobileapp","appium:automationName":"UiAutomator2","chromeDriverPort":"11000","appium:deviceName":"OnePlus","platformName":"android","appium:systemPort":"10000","appium:udid":"<enter_device_udid_here>>"}]}}
2020-07-25 16:54:29:448 [W3C] Calling AppiumDriver.createSession() with args: [{"app":"E:\\ProgramsJava\\AppiumBDDWebApp\\src\\test\\resources\\apps\\Android.SauceLabs.Mobile.Sample.app.2.2.1.apk","appActivity":"com.swaglabsmobileapp.SplashActivity","appPackage":"com.swaglabsmobileapp","automationName":"UiAutomator2","chromeDriverPort":"11000","platformName":"Android","udid":"<enter_device_udid_here>>","deviceName":"OnePlus","systemPort":"10000"},null,{"firstMatch":[{"appium:app":"E:\\ProgramsJava\\AppiumBDDWebApp\\src\\test\\resources\\apps\\Android.SauceLabs.Mobile.Sample.app.2.2.1.apk","appium:appActivity":"com.swaglabsmobileapp.SplashActivity","appium:appPackage":"com.swaglabsmobileapp","appium:automationName":"UiAutomator2","chromeDriverPort":"11000","appium:deviceName":"OnePlus","platformName":"android","appium:systemPort":"10000","appium:udid":"<enter_device_udid_here>>"}]}]
2020-07-25 16:54:29:449 [BaseDriver] Event 'newSessionRequested' logged at 1595696069449 (22:24:29 GMT+0530 (India Standard Time))
2020-07-25 16:54:29:452 [BaseDriver] The following capabilities are not standard capabilities and should have an extension prefix:
2020-07-25 16:54:29:452 [BaseDriver]   chromeDriverPort
2020-07-25 16:54:30:670 [Appium] Appium v1.18.0 creating new AndroidUiautomator2Driver (v1.56.1) session
2020-07-25 16:54:30:671 [Appium] There are no active sessions for cleanup
2020-07-25 16:54:30:673 [BaseDriver] W3C capabilities and MJSONWP desired capabilities were provided
2020-07-25 16:54:30:673 [BaseDriver] Creating session with W3C capabilities: {
2020-07-25 16:54:30:674 [BaseDriver]   "alwaysMatch": {
2020-07-25 16:54:30:674 [BaseDriver]     "appium:chromeDriverPort": "11000",
2020-07-25 16:54:30:674 [BaseDriver]     "platformName": "android",
2020-07-25 16:54:30:674 [BaseDriver]     "appium:app": "E:\\ProgramsJava\\AppiumBDDWebApp\\src\\test\\resources\\apps\\Android.SauceLabs.Mobile.Sample.app.2.2.1.apk",
2020-07-25 16:54:30:674 [BaseDriver]     "appium:appActivity": "com.swaglabsmobileapp.SplashActivity",
2020-07-25 16:54:30:675 [BaseDriver]     "appium:appPackage": "com.swaglabsmobileapp",
2020-07-25 16:54:30:675 [BaseDriver]     "appium:automationName": "UiAutomator2",
2020-07-25 16:54:30:675 [BaseDriver]     "appium:deviceName": "OnePlus",
2020-07-25 16:54:30:675 [BaseDriver]     "appium:systemPort": "10000",
2020-07-25 16:54:30:675 [BaseDriver]     "appium:udid": "<enter_device_udid_here>>"
2020-07-25 16:54:30:676 [BaseDriver]   },
2020-07-25 16:54:30:676 [BaseDriver]   "firstMatch": [
2020-07-25 16:54:30:676 [BaseDriver]     {}
2020-07-25 16:54:30:676 [BaseDriver]   ]
2020-07-25 16:54:30:676 [BaseDriver] }
2020-07-25 16:54:30:678 [BaseDriver] Number capability passed in as string. Functionality may be compromised.
2020-07-25 16:54:30:679 [BaseDriver] Number capability passed in as string. Functionality may be compromised.
2020-07-25 16:54:30:682 [BaseDriver] Capability 'systemPort' changed from string ('10000') to integer (10000). This may cause unexpected behavior
2020-07-25 16:54:30:683 [BaseDriver] Capability 'chromeDriverPort' changed from string ('11000') to integer (11000). This may cause unexpected behavior
2020-07-25 16:54:30:685 [BaseDriver] Session created with session id: 4d08a7a3-6b0a-4f09-87cc-57eb7cd1cb68
2020-07-25 16:54:30:698 [UiAutomator2] Deleting UiAutomator2 session
2020-07-25 16:54:30:704 [BaseDriver] Event 'newSessionStarted' logged at 1595696070703 (22:24:30 GMT+0530 (India Standard Time))
2020-07-25 16:54:30:760 [W3C] Encountered internal error running command: Error: The application at 'E:\ProgramsJava\AppiumBDDWebApp\src\test\resources\apps\Android.SauceLabs.Mobile.Sample.app.2.2.1.apk' does not exist or is not accessible
2020-07-25 16:54:30:760 [W3C]     at C:\Users\Prashant\AppData\Roaming\npm\node_modules\appium\node_modules\appium-base-driver\lib\basedriver\helpers.js:235:13
2020-07-25 16:54:30:858 [W3C] Destroying socket connection
2020-07-25 16:54:30:859 [HTTP] <-- POST /wd/hub/session 500 1410 ms - 897
2020-07-25 16:54:30:859 [HTTP] 
